app/seeds.txt
com.example.ymjkmaster.byrbta.LandActivity
com.example.ymjkmaster.byrbta.LandActivity: LandActivity()
com.example.ymjkmaster.byrbta.MainActivity
com.example.ymjkmaster.byrbta.MainActivity: MainActivity()
com.example.ymjkmaster.byrbta.R$anim: int abc_fade_in
com.example.ymjkmaster.byrbta.R$anim: int abc_fade_out
com.example.ymjkmaster.byrbta.R$anim: int abc_grow_fade_in_from_bottom
com.example.ymjkmaster.byrbta.R$anim: int abc_popup_enter
com.example.ymjkmaster.byrbta.R$anim: int abc_popup_exit
com.example.ymjkmaster.byrbta.R$anim: int abc_shrink_fade_out_from_bottom
com.example.ymjkmaster.byrbta.R$anim: int abc_slide_in_bottom
com.example.ymjkmaster.byrbta.R$anim: int abc_slide_in_top
com.example.ymjkmaster.byrbta.R$anim: int abc_slide_out_bottom
com.example.ymjkmaster.byrbta.R$anim: int abc_slide_out_top
com.example.ymjkmaster.byrbta.R$anim: int close_enter
com.example.ymjkmaster.byrbta.R$anim: int close_exit
com.example.ymjkmaster.byrbta.R$anim: int decelerate_cubic
com.example.ymjkmaster.byrbta.R$anim: int dialog_main_hide_amination
com.example.ymjkmaster.byrbta.R$anim: int dialog_main_show_amination
com.example.ymjkmaster.byrbta.R$anim: int dialog_root_hide_amin
com.example.ymjkmaster.byrbta.R$anim: int dialog_root_show_amin
com.example.ymjkmaster.byrbta.R$anim: int loading_anim
com.example.ymjkmaster.byrbta.R$anim: int open_enter
com.example.ymjkmaster.byrbta.R$anim: int open_exit
com.example.ymjkmaster.byrbta.R$anim: int popup_enter
com.example.ymjkmaster.byrbta.R$anim: int popup_exit
com.example.ymjkmaster.byrbta.R$anim: int progress_indeterminate_animation
com.example.ymjkmaster.byrbta.R$anim: int snackbar_hide_animation
com.example.ymjkmaster.byrbta.R$attr: int SwipeBackLayoutStyle
com.example.ymjkmaster.byrbta.R$attr: int actionBarDivider
com.example.ymjkmaster.byrbta.R$attr: int actionBarItemBackground
com.example.ymjkmaster.byrbta.R$attr: int actionBarPopupTheme
com.example.ymjkmaster.byrbta.R$attr: int actionBarSize
com.example.ymjkmaster.byrbta.R$attr: int actionBarSplitStyle
com.example.ymjkmaster.byrbta.R$attr: int actionBarStyle
com.example.ymjkmaster.byrbta.R$attr: int actionBarTabBarStyle
com.example.ymjkmaster.byrbta.R$attr: int actionBarTabStyle
com.example.ymjkmaster.byrbta.R$attr: int actionBarTabTextStyle
com.example.ymjkmaster.byrbta.R$attr: int actionBarTheme
com.example.ymjkmaster.byrbta.R$attr: int actionBarWidgetTheme
com.example.ymjkmaster.byrbta.R$attr: int actionButtonStyle
com.example.ymjkmaster.byrbta.R$attr: int actionDropDownStyle
com.example.ymjkmaster.byrbta.R$attr: int actionLayout
com.example.ymjkmaster.byrbta.R$attr: int actionMenuTextAppearance
com.example.ymjkmaster.byrbta.R$attr: int actionMenuTextColor
com.example.ymjkmaster.byrbta.R$attr: int actionModeBackground
com.example.ymjkmaster.byrbta.R$attr: int actionModeCloseButtonStyle
com.example.ymjkmaster.byrbta.R$attr: int actionModeCloseDrawable
com.example.ymjkmaster.byrbta.R$attr: int actionModeCopyDrawable
com.example.ymjkmaster.byrbta.R$attr: int actionModeCutDrawable
com.example.ymjkmaster.byrbta.R$attr: int actionModeFindDrawable
com.example.ymjkmaster.byrbta.R$attr: int actionModePasteDrawable
com.example.ymjkmaster.byrbta.R$bool: int abc_action_bar_embed_tabs
com.example.ymjkmaster.byrbta.R$bool: int abc_action_bar_embed_tabs_pre_jb
com.example.ymjkmaster.byrbta.R$bool: int abc_action_bar_expanded_action_views_exclusive
com.example.ymjkmaster.byrbta.R$bool: int abc_config_actionMenuItemAllCaps
com.example.ymjkmaster.byrbta.R$bool: int abc_config_allowActionMenuItemTextWithIcon
com.example.ymjkmaster.byrbta.R$bool: int abc_config_closeDialogWhenTouchOutside
com.example.ymjkmaster.byrbta.R$bool: int abc_config_showMenuShortcutsWhenKeyboardPresent
...
org.jsoup.parser.TokeniserState$43
org.jsoup.parser.TokeniserState$43: TokeniserState$43(java.lang.String,int)
org.jsoup.parser.TokeniserState$43: void read(org.jsoup.parser.Tokeniser,org.jsoup.parser.CharacterReader)
org.jsoup.parser.TokeniserState$44
org.jsoup.parser.TokeniserState$44: TokeniserState$44(java.lang.String,int)
org.jsoup.parser.TokeniserState$44: void read(org.jsoup.parser.Tokeniser,org.jsoup.parser.CharacterReader)
org.jsoup.parser.TokeniserState$45
org.jsoup.parser.TokeniserState$45: TokeniserState$45(java.lang.String,int)
org.jsoup.parser.TokeniserState$45: void read(org.jsoup.parser.Tokeniser,org.jsoup.parser.CharacterReader)
org.jsoup.parser.TokeniserState$46
org.jsoup.parser.TokeniserState$46: TokeniserState$46(java.lang.String,int)
org.jsoup.parser.TokeniserState$46: void read(org.jsoup.parser.Tokeniser,org.jsoup.parser.CharacterReader)
org.jsoup.parser.TokeniserState$47
org.jsoup.parser.TokeniserState$47: TokeniserState$47(java.lang.String,int)
org.jsoup.parser.TokeniserState$47: void read(org.jsoup.parser.Tokeniser,org.jsoup.parser.CharacterReader)
org.jsoup.parser.TokeniserState$48
org.jsoup.parser.TokeniserState$48: TokeniserState$48(java.lang.String,int)
org.jsoup.parser.TokeniserState$48: void read(org.jsoup.parser.Tokeniser,org.jsoup.parser.CharacterReader)
org.jsoup.parser.TokeniserState$49
org.jsoup.parser.TokeniserState$49: TokeniserState$49(java.lang.String,int)
org.jsoup.parser.TokeniserState$49: void read(org.jsoup.parser.Tokeniser,org.jsoup.parser.CharacterReader)
org.jsoup.parser.TokeniserState$5
org.jsoup.parser.TokeniserState$5: TokeniserState$5(java.lang.String,int)
org.jsoup.parser.TokeniserState$5: void read(org.jsoup.parser.Tokeniser,org.jsoup.parser.CharacterReader)
org.jsoup.parser.TokeniserState$50
org.jsoup.parser.TokeniserState$50: TokeniserState$50(java.lang.String,int)
org.jsoup.parser.TokeniserState$50: void read(org.jsoup.parser.Tokeniser,org.jsoup.parser.CharacterReader)
org.jsoup.parser.TokeniserState$51
org.jsoup.parser.TokeniserState$51: TokeniserState$51(java.lang.String,int)
org.jsoup.parser.TokeniserState$51: void read(org.jsoup.parser.Tokeniser,org.jsoup.parser.CharacterReader)
org.jsoup.parser.TokeniserState$52
org.jsoup.parser.TokeniserState$52: TokeniserState$52(java.lang.String,int)
org.jsoup.parser.TokeniserState$52: void read(org.jsoup.parser.Tokeniser,org.jsoup.parser.CharacterReader)
org.jsoup.parser.TokeniserState$53
org.jsoup.parser.TokeniserState$53: TokeniserState$53(java.lang.String,int)
org.jsoup.parser.TokeniserState$53: void read(org.jsoup.parser.Tokeniser,org.jsoup.parser.CharacterReader)
org.jsoup.parser.TokeniserState$54
org.jsoup.parser.TokeniserState$54: TokeniserState$54(java.lang.String,int)
org.jsoup.parser.TokeniserState$54: void read(org.jsoup.parser.Tokeniser,org.jsoup.parser.CharacterReader)
org.jsoup.parser.TokeniserState$55
org.jsoup.parser.TokeniserState$55: TokeniserState$55(java.lang.String,int)
org.jsoup.parser.TokeniserState$55: void read(org.jsoup.parser.Tokeniser,org.jsoup.parser.CharacterReader)
org.jsoup.parser.TokeniserState$56
org.jsoup.parser.TokeniserState$56: TokeniserState$56(java.lang.String,int)
org.jsoup.parser.TokeniserState$56: void read(org.jsoup.parser.Tokeniser,org.jsoup.parser.CharacterReader)
org.jsoup.parser.TokeniserState$57
org.jsoup.parser.TokeniserState$57: TokeniserState$57(java.lang.String,int)
org.jsoup.parser.TokeniserState$57: void read(org.jsoup.parser.Tokeniser,org.jsoup.parser.CharacterReader)
org.jsoup.parser.TokeniserState$58
org.jsoup.parser.TokeniserState$58: TokeniserState$58(java.lang.String,int)
org.jsoup.parser.TokeniserState$58: void read(org.jsoup.parser.Tokeniser,org.jsoup.parser.CharacterReader)
org.jsoup.parser.TokeniserState$59
org.jsoup.parser.TokeniserState$59: TokeniserState$59(java.lang.String,int)
org.jsoup.parser.TokeniserState$59: void read(org.jsoup.parser.Tokeniser,org.jsoup.parser.CharacterReader)