app/mapping.txt
com.example.ymjkmaster.byrbta.LandActivity -> com.example.ymjkmaster.byrbta.LandActivity:
    com.rengwuxian.materialedittext.MaterialEditText usr -> b
    com.rengwuxian.materialedittext.MaterialEditText pwd -> c
    com.android.volley.toolbox.NetworkImageView img -> d
    com.android.volley.RequestQueue mQueue -> e
    com.gc.materialdesign.views.ButtonFlat landBtn -> f
    com.gc.materialdesign.views.ButtonFlat refreshBtn -> g
    com.android.volley.toolbox.ImageLoader imageLoader -> h
    java.lang.String picUrl -> i
    java.lang.String picHash -> j
    com.rengwuxian.materialedittext.MaterialEditText picNum -> k
    android.os.Handler hander -> a
    void onCreate(android.os.Bundle) -> onCreate
    void getInfo() -> a
    void initView() -> b
    void onDestroy() -> onDestroy
    java.lang.String access$000(com.example.ymjkmaster.byrbta.LandActivity) -> a
    com.android.volley.toolbox.ImageLoader access$100(com.example.ymjkmaster.byrbta.LandActivity) -> b
    com.android.volley.toolbox.NetworkImageView access$200(com.example.ymjkmaster.byrbta.LandActivity) -> c
    java.lang.String access$002(com.example.ymjkmaster.byrbta.LandActivity,java.lang.String) -> a
    java.lang.String access$302(com.example.ymjkmaster.byrbta.LandActivity,java.lang.String) -> b
    com.rengwuxian.materialedittext.MaterialEditText access$400(com.example.ymjkmaster.byrbta.LandActivity) -> d
com.example.ymjkmaster.byrbta.LandActivity$1 -> com.example.ymjkmaster.byrbta.a:
    com.example.ymjkmaster.byrbta.LandActivity this$0 -> a
    void handleMessage(android.os.Message) -> handleMessage
com.example.ymjkmaster.byrbta.LandActivity$2 -> com.example.ymjkmaster.byrbta.b:
    com.example.ymjkmaster.byrbta.LandActivity this$0 -> a
    void run() -> run
com.example.ymjkmaster.byrbta.LandActivity$3 -> com.example.ymjkmaster.byrbta.c:
    com.example.ymjkmaster.byrbta.LandActivity this$0 -> a
    void onClick(android.view.View) -> onClick
com.example.ymjkmaster.byrbta.LandActivity$4 -> com.example.ymjkmaster.byrbta.d:
    com.example.ymjkmaster.byrbta.LandActivity this$0 -> a
    android.graphics.Bitmap getBitmap(java.lang.String) -> getBitmap
    void putBitmap(java.lang.String,android.graphics.Bitmap) -> putBitmap
com.example.ymjkmaster.byrbta.LandActivity$5 -> com.example.ymjkmaster.byrbta.e:
    com.example.ymjkmaster.byrbta.LandActivity this$0 -> a
    void onClick(android.view.View) -> onClick
com.example.ymjkmaster.byrbta.LandActivity$5$1 -> com.example.ymjkmaster.byrbta.f:
    com.example.ymjkmaster.byrbta.LandActivity$5 this$1 -> a
    void run() -> run
com.example.ymjkmaster.byrbta.LandActivity$6 -> com.example.ymjkmaster.byrbta.g:
    com.example.ymjkmaster.byrbta.LandActivity this$0 -> a
    void onClick(android.view.View) -> onClick
com.example.ymjkmaster.byrbta.MainActivity -> com.example.ymjkmaster.byrbta.MainActivity:
    com.android.volley.RequestQueue mQueue -> n
    android.support.v7.widget.Toolbar mToolbar -> o
    android.support.v4.view.ViewPager mViewPager -> p
    com.example.ymjkmaster.byrbta.MyViewPagerAdapter mAdapter -> q
    java.util.List mFragments -> r
    java.lang.String[] defaultTitles -> s
    java.lang.String[] titles -> t
    java.util.List fragmentIndex -> u
    com.astuetz.PagerSlidingTabStrip mTabStrip -> v
    com.example.aboutView.MyMainActivityScrollView mScrollView -> w
    void onCreate(android.os.Bundle) -> onCreate
    void onStart() -> onStart
    void onStop() -> onStop
    void onResume() -> onResume
    void onPause() -> onPause
    void onDestroy() -> onDestroy
    boolean onCreateOptionsMenu(android.view.Menu) -> onCreateOptionsMenu
    void initView() -> k
    void initViewManager(java.util.List) -> a
com.example.ymjkmaster.byrbta.MyViewPagerAdapter -> com.example.ymjkmaster.byrbta.h:
    java.lang.String[] titles -> a
    java.util.List mFragments -> b
    int getCount() -> b
    android.support.v4.app.Fragment getItem(int) -> a
    java.lang.CharSequence getPageTitle(int) -> c
...
com.android.volley.toolbox.NoCache -> com.android.volley.toolbox.NoCache:
    void clear() -> clear
    com.android.volley.Cache$Entry get(java.lang.String) -> get
    void put(java.lang.String,com.android.volley.Cache$Entry) -> put
    void invalidate(java.lang.String,boolean) -> invalidate
    void remove(java.lang.String) -> remove
    void initialize() -> initialize
com.android.volley.toolbox.PoolingByteArrayOutputStream -> com.android.volley.toolbox.PoolingByteArrayOutputStream:
    int DEFAULT_SIZE -> DEFAULT_SIZE
    com.android.volley.toolbox.ByteArrayPool mPool -> mPool
    void close() -> close
    void finalize() -> finalize
    void expand(int) -> expand
    void write(byte[],int,int) -> write
    void write(int) -> write
com.android.volley.toolbox.RequestFuture -> com.android.volley.toolbox.RequestFuture:
    com.android.volley.Request mRequest -> mRequest
    boolean mResultReceived -> mResultReceived
    java.lang.Object mResult -> mResult
    com.android.volley.VolleyError mException -> mException
    com.android.volley.toolbox.RequestFuture newFuture() -> newFuture
    void setRequest(com.android.volley.Request) -> setRequest
    boolean cancel(boolean) -> cancel
    java.lang.Object get() -> get
    java.lang.Object get(long,java.util.concurrent.TimeUnit) -> get
    java.lang.Object doGet(java.lang.Long) -> doGet
    boolean isCancelled() -> isCancelled
    boolean isDone() -> isDone
    void onResponse(java.lang.Object) -> onResponse
    void onErrorResponse(com.android.volley.VolleyError) -> onErrorResponse
com.android.volley.toolbox.StringRequest -> com.android.volley.toolbox.StringRequest:
    com.android.volley.Response$Listener mListener -> mListener
    void deliverResponse(java.lang.String) -> deliverResponse
    com.android.volley.Response parseNetworkResponse(com.android.volley.NetworkResponse) -> parseNetworkResponse
    void deliverResponse(java.lang.Object) -> deliverResponse
com.android.volley.toolbox.Volley -> com.android.volley.toolbox.Volley:
    java.lang.String DEFAULT_CACHE_DIR -> DEFAULT_CACHE_DIR
    com.android.volley.RequestQueue newRequestQueue(android.content.Context,com.android.volley.toolbox.HttpStack) -> newRequestQueue
    com.android.volley.RequestQueue newRequestQueue(android.content.Context) -> newRequestQueue
com.astuetz.PagerSlidingTabStrip -> com.astuetz.PagerSlidingTabStrip:
    int[] ATTRS -> b
    android.widget.LinearLayout$LayoutParams defaultTabLayoutParams -> c
    android.widget.LinearLayout$LayoutParams expandedTabLayoutParams -> d
    com.astuetz.PagerSlidingTabStrip$PageListener pageListener -> e
    android.support.v4.view.ViewPager$OnPageChangeListener delegatePageListener -> a
    android.widget.LinearLayout tabsContainer -> f
    android.support.v4.view.ViewPager pager -> g
    int tabCount -> h
    int currentPosition -> i
    float currentPositionOffset -> j
    android.graphics.Paint rectPaint -> k
    android.graphics.Paint dividerPaint -> l
    int indicatorColor -> m
    int underlineColor -> n
    int dividerColor -> o
    boolean shouldExpand -> p
    boolean textAllCaps -> q
    int scrollOffset -> r
    int indicatorHeight -> s
    int underlineHeight -> t
    int dividerPadding -> u
    int tabPadding -> v
    int dividerWidth -> w
    int tabTextSize -> x
    int tabTextColor -> y
    android.graphics.Typeface tabTypeface -> z
    int tabTypefaceStyle -> A
    int lastScrollX -> B
    int tabBackgroundResId -> C
    java.util.Locale locale -> D
    void setViewPager(android.support.v4.view.ViewPager) -> setViewPager
    void setOnPageChangeListener(android.support.v4.view.ViewPager$OnPageChangeListener) -> setOnPageChangeListener
    void notifyDataSetChanged() -> a
    void addTextTab(int,java.lang.String) -> a
    void addIconTab(int,int) -> a
com.astuetz.PagerSlidingTabStrip$1 -> com.astuetz.a:
    com.astuetz.PagerSlidingTabStrip this$0 -> a
    void onGlobalLayout() -> onGlobalLayout