app/unused.txt
com.example.ymjkmaster.byrbta.BuildConfig
com.example.ymjkmaster.byrbta.MyPageChangeListener
com.example.ymjkmaster.byrbta.R
com.example.ymjkmaster.byrbta.R$anim
com.example.ymjkmaster.byrbta.R$attr
com.example.ymjkmaster.byrbta.R$bool
com.example.ymjkmaster.byrbta.R$color
com.example.ymjkmaster.byrbta.R$dimen
com.example.ymjkmaster.byrbta.R$drawable
com.example.ymjkmaster.byrbta.R$id
com.example.ymjkmaster.byrbta.R$integer
com.example.ymjkmaster.byrbta.R$layout
com.example.ymjkmaster.byrbta.R$menu
com.example.ymjkmaster.byrbta.R$mipmap
com.example.ymjkmaster.byrbta.R$string
com.example.ymjkmaster.byrbta.R$style
com.example.ymjkmaster.byrbta.R$styleable
...
android.support.v4.app.NotificationManagerCompat$NotifyTask
android.support.v4.app.NotificationManagerCompat$ServiceConnectedEvent
android.support.v4.app.NotificationManagerCompat$SideChannelManager
android.support.v4.app.NotificationManagerCompat$SideChannelManager$ListenerRecord
android.support.v4.app.NotificationManagerCompat$Task
android.support.v4.app.NotificationManagerCompatEclair
android.support.v4.app.NotificationManagerCompatIceCreamSandwich
android.support.v4.app.RemoteInput
android.support.v4.app.RemoteInput$1
android.support.v4.app.RemoteInput$Builder
android.support.v4.app.RemoteInput$Impl
android.support.v4.app.RemoteInput$ImplApi20
android.support.v4.app.RemoteInput$ImplBase
android.support.v4.app.RemoteInput$ImplJellybean
android.support.v4.app.RemoteInputCompatApi20
android.support.v4.app.RemoteInputCompatBase
android.support.v4.app.RemoteInputCompatBase$RemoteInput
android.support.v4.app.RemoteInputCompatBase$RemoteInput$Factory
android.support.v4.app.RemoteInputCompatJellybean
android.support.v4.app.ServiceCompat
android.support.v4.app.ShareCompat
android.support.v4.app.ShareCompat$IntentBuilder
android.support.v4.app.ShareCompat$IntentReader
android.support.v4.app.ShareCompat$ShareCompatImpl
android.support.v4.app.ShareCompat$ShareCompatImplBase
android.support.v4.app.ShareCompat$ShareCompatImplICS
android.support.v4.app.ShareCompat$ShareCompatImplJB
android.support.v4.app.ShareCompatICS
android.support.v4.app.ShareCompatJB
android.support.v4.app.SharedElementCallback:
    private android.graphics.Matrix mTempMatrix
    private static final java.lang.String BUNDLE_SNAPSHOT_BITMAP
    private static final java.lang.String BUNDLE_SNAPSHOT_IMAGE_SCALETYPE
    private static final java.lang.String BUNDLE_SNAPSHOT_IMAGE_MATRIX
    43:43:public SharedElementCallback()
    114:114:public void onRejectSharedElements(java.util.List)
    149:188:public android.os.Parcelable onCaptureSharedElementSnapshot(android.view.View,android.graphics.Matrix,android.graphics.RectF)
    195:217:private static android.graphics.Bitmap createDrawableBitmap(android.graphics.drawable.Drawable)
    238:261:public android.view.View onCreateSnapshotView(android.content.Context,android.os.Parcelable)
android.support.v4.app.TaskStackBuilder:
    private static final java.lang.String TAG
    150:150:public static android.support.v4.app.TaskStackBuilder from(android.content.Context)
    178:186:public android.support.v4.app.TaskStackBuilder addNextIntentWithParentStack(android.content.Intent)
    226:226:public android.support.v4.app.TaskStackBuilder addParentStack(java.lang.Class)
    256:256:public int getIntentCount()
    270:270:public android.content.Intent getIntent(int)
    282:282:public android.content.Intent editIntentAt(int)
    344:344:public android.app.PendingIntent getPendingIntent(int,int)
    361:371:public android.app.PendingIntent getPendingIntent(int,int,android.os.Bundle)
    382:391:public android.content.Intent[] getIntents()
android.support.v4.app.TaskStackBuilder$TaskStackBuilderImpl:
    public abstract android.app.PendingIntent getPendingIntent(android.content.Context,android.content.Intent[],int,int,android.os.Bundle)
android.support.v4.app.TaskStackBuilder$TaskStackBuilderImplBase:
    84:86:public android.app.PendingIntent getPendingIntent(android.content.Context,android.content.Intent[],int,int,android.os.Bundle)
android.support.v4.app.TaskStackBuilder$TaskStackBuilderImplHoneycomb:
    93:96:public android.app.PendingIntent getPendingIntent(android.content.Context,android.content.Intent[],int,int,android.os.Bundle)
android.support.v4.app.TaskStackBuilder$TaskStackBuilderImplJellybean
android.support.v4.app.TaskStackBuilderHoneycomb
android.support.v4.app.TaskStackBuilderJellybean
android.support.v4.content.AsyncTaskLoader
android.support.v4.content.AsyncTaskLoader$LoadTask